<?xml version="1.0" encoding="UTF-8"?>
<!-- Generated by org.testng.reporters.JUnitXMLReporter -->
<testsuite ignored="0" hostname="EPINHYDW1908" failures="0" tests="5" name="Surefire test" time="3.332" errors="0" timestamp="2026-04-19T16:40:11 IST">
  <testcase classname="epam.onboarding.MavenProject.CoverageVerificationTest" name="getCoverages" time="0.003"/>
  <testcase classname="epam.onboarding.MavenProject.DriverTest" name="getDriver" time="3.305"/>
  <testcase classname="epam.onboarding.MavenProject.LoginValidationTest" name="login" time="0.001"/>
  <testcase classname="epam.onboarding.MavenProject.PaymentsVerificationTest" name="payment" time="0.001"/>
  <testcase classname="epam.onboarding.MavenProject.PaymentValidationTest" name="validate" time="0.0"/>
</testsuite> <!-- Surefire test -->
