<?xml version="1.0" encoding="UTF-8"?>
<testsuite xmlns:xsi="http://www.w3.org/2001/XMLSchema-instance" xsi:noNamespaceSchemaLocation="https://maven.apache.org/surefire/maven-surefire-plugin/xsd/surefire-test-report-3.0.xsd" version="3.0" name="TestSuite" time="3.619" tests="5" errors="0" skipped="0" failures="0">
  <properties>
[...]
</properties>
  <testcase name="getCoverages" classname="epam.onboarding.MavenProject.CoverageVerificationTest" time="0.003">
    <system-out><![CDATA[In the coverage verification test class method
]]></system-out>
    <system-err><![CDATA[SLF4J(W): No SLF4J providers were found.
SLF4J(W): Defaulting to no-operation (NOP) logger implementation
SLF4J(W): See https://www.slf4j.org/codes.html#noProviders for further details.
]]></system-err>
  </testcase>
  <testcase name="getDriver" classname="epam.onboarding.MavenProject.DriverTest" time="3.305">
    <system-out><![CDATA[chrome driver selected
Google
]]></system-out>
    <system-err><![CDATA[Apr 19, 2026 4:40:09 PM org.openqa.selenium.devtools.CdpVersionFinder findNearestMatch
WARNING: Unable to find an exact match for CDP version 147, returning the closest version; found: 145; Please update to a Selenium version that supports CDP version 147
]]></system-err>
  </testcase>
  <testcase name="login" classname="epam.onboarding.MavenProject.LoginValidationTest" time="0.001">
    <system-out><![CDATA[In the login validation test class method
]]></system-out>
  </testcase>
  <testcase name="payment" classname="epam.onboarding.MavenProject.PaymentsVerificationTest" time="0.001">
    <system-out><![CDATA[In the payments verification test class method
]]></system-out>
  </testcase>
  <testcase name="validate" classname="epam.onboarding.MavenProject.PaymentValidationTest" time="0">
    <system-out><![CDATA[In the payment validation test class method
]]></system-out>
  </testcase>
</testsuite>