<?xml version="1.0" encoding="UTF-8"?>
<testng-results ignored="0" total="5" passed="5" failed="0" skipped="0">
  <reporter-output>
  </reporter-output>
  <suite started-at="2026-04-19T16:40:08 IST" name="Surefire suite" finished-at="2026-04-19T16:40:11 IST" duration-ms="3332">
    <groups>
    </groups>
    <test started-at="2026-04-19T16:40:08 IST" name="Surefire test" finished-at="2026-04-19T16:40:11 IST" duration-ms="3332">
      <class name="epam.onboarding.MavenProject.PaymentValidationTest">
        <test-method signature="validate()[pri:0, instance:epam.onboarding.MavenProject.PaymentValidationTest@56a6d5a6]" started-at="2026-04-19T16:40:11 IST" name="validate" finished-at="2026-04-19T16:40:11 IST" duration-ms="0" status="PASS">
          <reporter-output>
          </reporter-output>
        </test-method> <!-- validate -->
      </class> <!-- epam.onboarding.MavenProject.PaymentValidationTest -->
      <class name="epam.onboarding.MavenProject.PaymentsVerificationTest">
        <test-method signature="payment()[pri:0, instance:epam.onboarding.MavenProject.PaymentsVerificationTest@309e345f]" started-at="2026-04-19T16:40:11 IST" name="payment" finished-at="2026-04-19T16:40:11 IST" duration-ms="1" status="PASS">
          <reporter-output>
          </reporter-output>
        </test-method> <!-- payment -->
      </class> <!-- epam.onboarding.MavenProject.PaymentsVerificationTest -->
      <class name="epam.onboarding.MavenProject.CoverageVerificationTest">
        <test-method signature="getCoverages()[pri:0, instance:epam.onboarding.MavenProject.CoverageVerificationTest@15b204a1]" started-at="2026-04-19T16:40:08 IST" name="getCoverages" finished-at="2026-04-19T16:40:08 IST" duration-ms="3" status="PASS">
          <reporter-output>
          </reporter-output>
        </test-method> <!-- getCoverages -->
      </class> <!-- epam.onboarding.MavenProject.CoverageVerificationTest -->
      <class name="epam.onboarding.MavenProject.DriverTest">
        <test-method signature="getDriver()[pri:0, instance:epam.onboarding.MavenProject.DriverTest@33afa13b]" started-at="2026-04-19T16:40:08 IST" name="getDriver" finished-at="2026-04-19T16:40:11 IST" duration-ms="3305" status="PASS">
          <reporter-output>
          </reporter-output>
        </test-method> <!-- getDriver -->
      </class> <!-- epam.onboarding.MavenProject.DriverTest -->
      <class name="epam.onboarding.MavenProject.LoginValidationTest">
        <test-method signature="login()[pri:0, instance:epam.onboarding.MavenProject.LoginValidationTest@7a4ccb53]" started-at="2026-04-19T16:40:11 IST" name="login" finished-at="2026-04-19T16:40:11 IST" duration-ms="1" status="PASS">
          <reporter-output>
          </reporter-output>
        </test-method> <!-- login -->
      </class> <!-- epam.onboarding.MavenProject.LoginValidationTest -->
    </test> <!-- Surefire test -->
  </suite> <!-- Surefire suite -->
</testng-results>
